{"/Users/Kath/week9/story-app/spec/StorySpec.js":{"path":"/Users/Kath/week9/story-app/spec/StorySpec.js","s":{"1":1,"2":0,"3":0,"4":0,"5":0,"6":0,"7":0,"8":0,"9":0,"10":0,"11":0,"12":0,"13":0},"b":{},"f":{"1":0,"2":0,"3":0,"4":0,"5":0,"6":0},"fnMap":{"1":{"name":"(anonymous_1)","line":1,"loc":{"start":{"line":1,"column":19},"end":{"line":1,"column":29}}},"2":{"name":"(anonymous_2)","line":4,"loc":{"start":{"line":4,"column":13},"end":{"line":4,"column":24}}},"3":{"name":"(anonymous_3)","line":8,"loc":{"start":{"line":8,"column":62},"end":{"line":8,"column":73}}},"4":{"name":"(anonymous_4)","line":10,"loc":{"start":{"line":10,"column":61},"end":{"line":10,"column":72}}},"5":{"name":"(anonymous_5)","line":14,"loc":{"start":{"line":14,"column":60},"end":{"line":14,"column":71}}},"6":{"name":"(anonymous_6)","line":18,"loc":{"start":{"line":18,"column":58},"end":{"line":18,"column":69}}}},"statementMap":{"1":{"start":{"line":1,"column":0},"end":{"line":24,"column":3}},"2":{"start":{"line":2,"column":2},"end":{"line":2,"column":12}},"3":{"start":{"line":4,"column":2},"end":{"line":6,"column":5}},"4":{"start":{"line":5,"column":4},"end":{"line":5,"column":24}},"5":{"start":{"line":8,"column":2},"end":{"line":23,"column":5}},"6":{"start":{"line":10,"column":4},"end":{"line":12,"column":7}},"7":{"start":{"line":11,"column":6},"end":{"line":11,"column":49}},"8":{"start":{"line":14,"column":4},"end":{"line":16,"column":7}},"9":{"start":{"line":15,"column":6},"end":{"line":15,"column":51}},"10":{"start":{"line":18,"column":4},"end":{"line":22,"column":7}},"11":{"start":{"line":19,"column":6},"end":{"line":19,"column":31}},"12":{"start":{"line":20,"column":6},"end":{"line":20,"column":30}},"13":{"start":{"line":21,"column":6},"end":{"line":21,"column":72}}},"branchMap":{}}}